1674131025.641471 client started (6759): version 3.0a, socket /tmp//tmux-1000/default, protocol 8
1674131025.641512 on Linux 5.4.0-91-generic #102-Ubuntu SMP Fri Nov 5 16:31:28 UTC 2021; libevent 2.1.11-stable (poll)
1674131025.641537 socket is /tmp//tmux-1000/default
1674131025.641573 trying connect
1674131025.641692 add peer 0x562fb1ce2860: 6 ((nil))
1674131025.641797 sending message 100 to peer 0x562fb1ce2860 (4 bytes)
1674131025.641829 sending message 101 to peer 0x562fb1ce2860 (7 bytes)
1674131025.641847 sending message 102 to peer 0x562fb1ce2860 (11 bytes)
1674131025.641863 sending message 108 to peer 0x562fb1ce2860 (20 bytes)
1674131025.643379 sending message 104 to peer 0x562fb1ce2860 (0 bytes)
1674131025.643399 sending message 107 to peer 0x562fb1ce2860 (4 bytes)
1674131025.643417 sending message 105 to peer 0x562fb1ce2860 (36 bytes)
1674131025.643434 sending message 105 to peer 0x562fb1ce2860 (15 bytes)
1674131025.643451 sending message 105 to peer 0x562fb1ce2860 (13 bytes)
1674131025.643467 sending message 105 to peer 0x562fb1ce2860 (19 bytes)
1674131025.643486 sending message 105 to peer 0x562fb1ce2860 (41 bytes)
1674131025.643502 sending message 105 to peer 0x562fb1ce2860 (27 bytes)
1674131025.643518 sending message 105 to peer 0x562fb1ce2860 (37 bytes)
1674131025.643534 sending message 105 to peer 0x562fb1ce2860 (20 bytes)
1674131025.643557 sending message 105 to peer 0x562fb1ce2860 (25 bytes)
1674131025.643615 sending message 105 to peer 0x562fb1ce2860 (184 bytes)
1674131025.643655 sending message 105 to peer 0x562fb1ce2860 (51 bytes)
1674131025.643676 sending message 105 to peer 0x562fb1ce2860 (54 bytes)
1674131025.643692 sending message 105 to peer 0x562fb1ce2860 (22 bytes)
1674131025.643710 sending message 105 to peer 0x562fb1ce2860 (32 bytes)
1674131025.643729 sending message 105 to peer 0x562fb1ce2860 (70 bytes)
1674131025.643746 sending message 105 to peer 0x562fb1ce2860 (23 bytes)
1674131025.643777 sending message 105 to peer 0x562fb1ce2860 (20 bytes)
1674131025.643796 sending message 105 to peer 0x562fb1ce2860 (18 bytes)
1674131025.643813 sending message 105 to peer 0x562fb1ce2860 (16 bytes)
1674131025.643829 sending message 105 to peer 0x562fb1ce2860 (44 bytes)
1674131025.643845 sending message 105 to peer 0x562fb1ce2860 (19 bytes)
1674131025.643862 sending message 105 to peer 0x562fb1ce2860 (8 bytes)
1674131025.643878 sending message 105 to peer 0x562fb1ce2860 (30 bytes)
1674131025.643894 sending message 105 to peer 0x562fb1ce2860 (80 bytes)
1674131025.643911 sending message 105 to peer 0x562fb1ce2860 (30 bytes)
1674131025.643927 sending message 105 to peer 0x562fb1ce2860 (53 bytes)
1674131025.643943 sending message 105 to peer 0x562fb1ce2860 (49 bytes)
1674131025.643959 sending message 105 to peer 0x562fb1ce2860 (34 bytes)
1674131025.643986 sending message 105 to peer 0x562fb1ce2860 (30 bytes)
1674131025.644003 sending message 105 to peer 0x562fb1ce2860 (20 bytes)
1674131025.644028 sending message 105 to peer 0x562fb1ce2860 (24 bytes)
1674131025.644046 sending message 105 to peer 0x562fb1ce2860 (651 bytes)
1674131025.644063 sending message 105 to peer 0x562fb1ce2860 (13 bytes)
1674131025.644100 sending message 105 to peer 0x562fb1ce2860 (11 bytes)
1674131025.644118 sending message 105 to peer 0x562fb1ce2860 (20 bytes)
1674131025.644135 sending message 105 to peer 0x562fb1ce2860 (58 bytes)
1674131025.644151 sending message 105 to peer 0x562fb1ce2860 (23 bytes)
1674131025.644170 sending message 105 to peer 0x562fb1ce2860 (23 bytes)
1674131025.644187 sending message 105 to peer 0x562fb1ce2860 (18 bytes)
1674131025.644203 sending message 105 to peer 0x562fb1ce2860 (12 bytes)
1674131025.644219 sending message 105 to peer 0x562fb1ce2860 (11 bytes)
1674131025.644237 sending message 105 to peer 0x562fb1ce2860 (12 bytes)
1674131025.644253 sending message 105 to peer 0x562fb1ce2860 (15 bytes)
1674131025.644269 sending message 105 to peer 0x562fb1ce2860 (13 bytes)
1674131025.644285 sending message 105 to peer 0x562fb1ce2860 (1506 bytes)
1674131025.644304 sending message 105 to peer 0x562fb1ce2860 (27 bytes)
1674131025.644404 sending message 105 to peer 0x562fb1ce2860 (24 bytes)
1674131025.644439 sending message 105 to peer 0x562fb1ce2860 (19 bytes)
1674131025.644463 sending message 105 to peer 0x562fb1ce2860 (35 bytes)
1674131025.644480 sending message 105 to peer 0x562fb1ce2860 (52 bytes)
1674131025.644499 sending message 105 to peer 0x562fb1ce2860 (86 bytes)
1674131025.644516 sending message 105 to peer 0x562fb1ce2860 (24 bytes)
1674131025.644539 sending message 105 to peer 0x562fb1ce2860 (17 bytes)
1674131025.644557 sending message 105 to peer 0x562fb1ce2860 (19 bytes)
1674131025.644574 sending message 105 to peer 0x562fb1ce2860 (31 bytes)
1674131025.644592 sending message 105 to peer 0x562fb1ce2860 (17 bytes)
1674131025.644614 sending message 105 to peer 0x562fb1ce2860 (15 bytes)
1674131025.644634 sending message 105 to peer 0x562fb1ce2860 (37 bytes)
1674131025.644651 sending message 105 to peer 0x562fb1ce2860 (23 bytes)
1674131025.644668 sending message 105 to peer 0x562fb1ce2860 (52 bytes)
1674131025.644684 sending message 105 to peer 0x562fb1ce2860 (21 bytes)
1674131025.644700 sending message 105 to peer 0x562fb1ce2860 (27 bytes)
1674131025.644716 sending message 105 to peer 0x562fb1ce2860 (31 bytes)
1674131025.644733 sending message 105 to peer 0x562fb1ce2860 (16 bytes)
1674131025.644748 sending message 105 to peer 0x562fb1ce2860 (31 bytes)
1674131025.644764 sending message 105 to peer 0x562fb1ce2860 (28 bytes)
1674131025.644783 sending message 105 to peer 0x562fb1ce2860 (19 bytes)
1674131025.644803 sending message 105 to peer 0x562fb1ce2860 (21 bytes)
1674131025.644819 sending message 106 to peer 0x562fb1ce2860 (0 bytes)
1674131025.644838 sending message 200 to peer 0x562fb1ce2860 (4 bytes)
1674131025.644856 client loop enter
1674131025.645069 peer 0x562fb1ce2860 message 211
1674131025.645122 client_write: sessions should be nested with care, unset $TMUX to force\n
1674131025.645159 peer 0x562fb1ce2860 message 203
1674131025.645182 client loop exit
